{"/Users/Graham/Documents/Code/express/express-jobly/app.js": {"path":"/Users/Graham/Documents/Code/express/express-jobly/app.js","statementMap":{"0":{"start":{"line":3,"column":16},"end":{"line":3,"column":34}},"1":{"start":{"line":5,"column":21},"end":{"line":5,"column":54}},"2":{"start":{"line":7,"column":15},"end":{"line":7,"column":32}},"3":{"start":{"line":9,"column":12},"end":{"line":9,"column":21}},"4":{"start":{"line":11,"column":0},"end":{"line":11,"column":24}},"5":{"start":{"line":14,"column":0},"end":{"line":14,"column":24}},"6":{"start":{"line":17,"column":24},"end":{"line":17,"column":59}},"7":{"start":{"line":18,"column":0},"end":{"line":18,"column":39}},"8":{"start":{"line":23,"column":0},"end":{"line":28,"column":3}},"9":{"start":{"line":24,"column":14},"end":{"line":24,"column":48}},"10":{"start":{"line":27,"column":2},"end":{"line":27,"column":19}},"11":{"start":{"line":32,"column":0},"end":{"line":40,"column":3}},"12":{"start":{"line":33,"column":2},"end":{"line":33,"column":32}},"13":{"start":{"line":34,"column":2},"end":{"line":34,"column":27}},"14":{"start":{"line":36,"column":2},"end":{"line":39,"column":5}},"15":{"start":{"line":42,"column":0},"end":{"line":42,"column":21}}},"fnMap":{"0":{"name":"(anonymous_0)","decl":{"start":{"line":23,"column":8},"end":{"line":23,"column":9}},"loc":{"start":{"line":23,"column":33},"end":{"line":28,"column":1}},"line":23},"1":{"name":"(anonymous_1)","decl":{"start":{"line":32,"column":8},"end":{"line":32,"column":9}},"loc":{"start":{"line":32,"column":38},"end":{"line":40,"column":1}},"line":32}},"branchMap":{"0":{"loc":{"start":{"line":33,"column":13},"end":{"line":33,"column":30}},"type":"binary-expr","locations":[{"start":{"line":33,"column":13},"end":{"line":33,"column":23}},{"start":{"line":33,"column":27},"end":{"line":33,"column":30}}],"line":33}},"s":{"0":1,"1":1,"2":1,"3":1,"4":1,"5":1,"6":1,"7":1,"8":1,"9":0,"10":0,"11":1,"12":6,"13":6,"14":6,"15":1},"f":{"0":0,"1":6},"b":{"0":[6,0]},"_coverageSchema":"1a1c01bbd47fc00a2c39e90264f33305004495a9","hash":"2d48908052adc2020330b2880b9879db76f7ec4f"}
,"/Users/Graham/Documents/Code/express/express-jobly/config.js": {"path":"/Users/Graham/Documents/Code/express/express-jobly/config.js","statementMap":{"0":{"start":{"line":3,"column":0},"end":{"line":3,"column":27}},"1":{"start":{"line":5,"column":19},"end":{"line":5,"column":51}},"2":{"start":{"line":7,"column":13},"end":{"line":7,"column":38}},"3":{"start":{"line":17,"column":0},"end":{"line":21,"column":1}},"4":{"start":{"line":18,"column":2},"end":{"line":18,"column":24}},"5":{"start":{"line":20,"column":2},"end":{"line":20,"column":47}},"6":{"start":{"line":23,"column":0},"end":{"line":27,"column":2}}},"fnMap":{},"branchMap":{"0":{"loc":{"start":{"line":5,"column":19},"end":{"line":5,"column":51}},"type":"binary-expr","locations":[{"start":{"line":5,"column":19},"end":{"line":5,"column":41}},{"start":{"line":5,"column":45},"end":{"line":5,"column":51}}],"line":5},"1":{"loc":{"start":{"line":7,"column":13},"end":{"line":7,"column":38}},"type":"binary-expr","locations":[{"start":{"line":7,"column":13},"end":{"line":7,"column":30}},{"start":{"line":7,"column":34},"end":{"line":7,"column":38}}],"line":7},"2":{"loc":{"start":{"line":17,"column":0},"end":{"line":21,"column":1}},"type":"if","locations":[{"start":{"line":17,"column":0},"end":{"line":21,"column":1}},{"start":{"line":17,"column":0},"end":{"line":21,"column":1}}],"line":17},"3":{"loc":{"start":{"line":20,"column":11},"end":{"line":20,"column":46}},"type":"binary-expr","locations":[{"start":{"line":20,"column":11},"end":{"line":20,"column":35}},{"start":{"line":20,"column":39},"end":{"line":20,"column":46}}],"line":20}},"s":{"0":1,"1":1,"2":1,"3":1,"4":1,"5":0,"6":1},"f":{},"b":{"0":[1,1],"1":[1,1],"2":[1,0],"3":[0,0]},"_coverageSchema":"1a1c01bbd47fc00a2c39e90264f33305004495a9","hash":"e09072075ee54a3fd0ba9a2d00594cbb430b0fed"}
,"/Users/Graham/Documents/Code/express/express-jobly/db.js": {"path":"/Users/Graham/Documents/Code/express/express-jobly/db.js","statementMap":{"0":{"start":{"line":3,"column":19},"end":{"line":3,"column":32}},"1":{"start":{"line":4,"column":19},"end":{"line":4,"column":38}},"2":{"start":{"line":6,"column":11},"end":{"line":8,"column":2}},"3":{"start":{"line":10,"column":0},"end":{"line":10,"column":13}},"4":{"start":{"line":12,"column":0},"end":{"line":12,"column":20}}},"fnMap":{},"branchMap":{},"s":{"0":1,"1":1,"2":1,"3":1,"4":1},"f":{},"b":{},"_coverageSchema":"1a1c01bbd47fc00a2c39e90264f33305004495a9","hash":"26d5697f16332b2ac6d2c4f1c4893bf2e635b14b"}
,"/Users/Graham/Documents/Code/express/express-jobly/helpers/expressError.js": {"path":"/Users/Graham/Documents/Code/express/express-jobly/helpers/expressError.js","statementMap":{"0":{"start":{"line":11,"column":4},"end":{"line":11,"column":12}},"1":{"start":{"line":12,"column":4},"end":{"line":12,"column":27}},"2":{"start":{"line":13,"column":4},"end":{"line":13,"column":25}},"3":{"start":{"line":14,"column":4},"end":{"line":14,"column":30}},"4":{"start":{"line":18,"column":0},"end":{"line":18,"column":30}}},"fnMap":{"0":{"name":"(anonymous_0)","decl":{"start":{"line":10,"column":2},"end":{"line":10,"column":3}},"loc":{"start":{"line":10,"column":31},"end":{"line":15,"column":3}},"line":10}},"branchMap":{},"s":{"0":6,"1":6,"2":6,"3":6,"4":1},"f":{"0":6},"b":{},"_coverageSchema":"1a1c01bbd47fc00a2c39e90264f33305004495a9","hash":"097f8e3784334fa001fc6c4d90ee0d0a2f4e08c4"}
,"/Users/Graham/Documents/Code/express/express-jobly/helpers/partialUpdate.js": {"path":"/Users/Graham/Documents/Code/express/express-jobly/helpers/partialUpdate.js","statementMap":{"0":{"start":{"line":19,"column":12},"end":{"line":19,"column":13}},"1":{"start":{"line":20,"column":16},"end":{"line":20,"column":18}},"2":{"start":{"line":23,"column":2},"end":{"line":27,"column":3}},"3":{"start":{"line":24,"column":4},"end":{"line":26,"column":5}},"4":{"start":{"line":25,"column":6},"end":{"line":25,"column":24}},"5":{"start":{"line":29,"column":2},"end":{"line":32,"column":3}},"6":{"start":{"line":30,"column":4},"end":{"line":30,"column":38}},"7":{"start":{"line":31,"column":4},"end":{"line":31,"column":13}},"8":{"start":{"line":35,"column":13},"end":{"line":35,"column":31}},"9":{"start":{"line":36,"column":14},"end":{"line":36,"column":76}},"10":{"start":{"line":38,"column":15},"end":{"line":38,"column":35}},"11":{"start":{"line":39,"column":2},"end":{"line":39,"column":18}},"12":{"start":{"line":41,"column":2},"end":{"line":41,"column":27}},"13":{"start":{"line":44,"column":0},"end":{"line":44,"column":37}}},"fnMap":{"0":{"name":"sqlForPartialUpdate","decl":{"start":{"line":15,"column":9},"end":{"line":15,"column":28}},"loc":{"start":{"line":15,"column":52},"end":{"line":42,"column":1}},"line":15}},"branchMap":{"0":{"loc":{"start":{"line":24,"column":4},"end":{"line":26,"column":5}},"type":"if","locations":[{"start":{"line":24,"column":4},"end":{"line":26,"column":5}},{"start":{"line":24,"column":4},"end":{"line":26,"column":5}}],"line":24}},"s":{"0":5,"1":5,"2":5,"3":10,"4":1,"5":5,"6":9,"7":9,"8":5,"9":5,"10":5,"11":5,"12":5,"13":2},"f":{"0":5},"b":{"0":[1,9]},"_coverageSchema":"1a1c01bbd47fc00a2c39e90264f33305004495a9","hash":"c9a072f8ac04c66d7c442ef85883bffcade632b8"}
,"/Users/Graham/Documents/Code/express/express-jobly/models/companies.js": {"path":"/Users/Graham/Documents/Code/express/express-jobly/models/companies.js","statementMap":{"0":{"start":{"line":1,"column":11},"end":{"line":1,"column":27}},"1":{"start":{"line":2,"column":21},"end":{"line":2,"column":55}},"2":{"start":{"line":3,"column":28},"end":{"line":3,"column":63}},"3":{"start":{"line":13,"column":19},"end":{"line":19,"column":29}},"4":{"start":{"line":21,"column":4},"end":{"line":21,"column":23}},"5":{"start":{"line":30,"column":19},"end":{"line":38,"column":15}},"6":{"start":{"line":40,"column":4},"end":{"line":42,"column":5}},"7":{"start":{"line":41,"column":6},"end":{"line":41,"column":71}},"8":{"start":{"line":44,"column":4},"end":{"line":44,"column":26}},"9":{"start":{"line":58,"column":20},"end":{"line":58,"column":94}},"10":{"start":{"line":59,"column":4},"end":{"line":61,"column":5}},"11":{"start":{"line":60,"column":6},"end":{"line":60,"column":83}},"12":{"start":{"line":68,"column":19},"end":{"line":77,"column":59}},"13":{"start":{"line":79,"column":4},"end":{"line":79,"column":26}},"14":{"start":{"line":91,"column":16},"end":{"line":91,"column":73}},"15":{"start":{"line":93,"column":19},"end":{"line":93,"column":56}},"16":{"start":{"line":95,"column":4},"end":{"line":97,"column":5}},"17":{"start":{"line":96,"column":6},"end":{"line":96,"column":71}},"18":{"start":{"line":99,"column":4},"end":{"line":99,"column":26}},"19":{"start":{"line":111,"column":19},"end":{"line":120,"column":15}},"20":{"start":{"line":122,"column":4},"end":{"line":124,"column":5}},"21":{"start":{"line":123,"column":6},"end":{"line":123,"column":71}},"22":{"start":{"line":126,"column":4},"end":{"line":126,"column":26}},"23":{"start":{"line":140,"column":19},"end":{"line":149,"column":43}},"24":{"start":{"line":151,"column":4},"end":{"line":151,"column":23}},"25":{"start":{"line":156,"column":0},"end":{"line":156,"column":25}}},"fnMap":{"0":{"name":"(anonymous_0)","decl":{"start":{"line":12,"column":2},"end":{"line":12,"column":3}},"loc":{"start":{"line":12,"column":21},"end":{"line":22,"column":3}},"line":12},"1":{"name":"(anonymous_1)","decl":{"start":{"line":29,"column":2},"end":{"line":29,"column":3}},"loc":{"start":{"line":29,"column":27},"end":{"line":45,"column":3}},"line":29},"2":{"name":"(anonymous_2)","decl":{"start":{"line":55,"column":2},"end":{"line":55,"column":3}},"loc":{"start":{"line":55,"column":78},"end":{"line":80,"column":3}},"line":55},"3":{"name":"(anonymous_3)","decl":{"start":{"line":90,"column":2},"end":{"line":90,"column":3}},"loc":{"start":{"line":90,"column":37},"end":{"line":100,"column":3}},"line":90},"4":{"name":"(anonymous_4)","decl":{"start":{"line":110,"column":2},"end":{"line":110,"column":3}},"loc":{"start":{"line":110,"column":30},"end":{"line":127,"column":4}},"line":110},"5":{"name":"(anonymous_5)","decl":{"start":{"line":139,"column":2},"end":{"line":139,"column":3}},"loc":{"start":{"line":139,"column":66},"end":{"line":152,"column":3}},"line":139}},"branchMap":{"0":{"loc":{"start":{"line":40,"column":4},"end":{"line":42,"column":5}},"type":"if","locations":[{"start":{"line":40,"column":4},"end":{"line":42,"column":5}},{"start":{"line":40,"column":4},"end":{"line":42,"column":5}}],"line":40},"1":{"loc":{"start":{"line":59,"column":4},"end":{"line":61,"column":5}},"type":"if","locations":[{"start":{"line":59,"column":4},"end":{"line":61,"column":5}},{"start":{"line":59,"column":4},"end":{"line":61,"column":5}}],"line":59},"2":{"loc":{"start":{"line":95,"column":4},"end":{"line":97,"column":5}},"type":"if","locations":[{"start":{"line":95,"column":4},"end":{"line":97,"column":5}},{"start":{"line":95,"column":4},"end":{"line":97,"column":5}}],"line":95},"3":{"loc":{"start":{"line":122,"column":4},"end":{"line":124,"column":5}},"type":"if","locations":[{"start":{"line":122,"column":4},"end":{"line":124,"column":5}},{"start":{"line":122,"column":4},"end":{"line":124,"column":5}}],"line":122},"4":{"loc":{"start":{"line":139,"column":28},"end":{"line":139,"column":41}},"type":"default-arg","locations":[{"start":{"line":139,"column":39},"end":{"line":139,"column":41}}],"line":139},"5":{"loc":{"start":{"line":139,"column":43},"end":{"line":139,"column":48}},"type":"default-arg","locations":[{"start":{"line":139,"column":47},"end":{"line":139,"column":48}}],"line":139},"6":{"loc":{"start":{"line":139,"column":50},"end":{"line":139,"column":64}},"type":"default-arg","locations":[{"start":{"line":139,"column":54},"end":{"line":139,"column":64}}],"line":139}},"s":{"0":1,"1":1,"2":1,"3":1,"4":1,"5":2,"6":2,"7":1,"8":1,"9":14,"10":14,"11":1,"12":13,"13":13,"14":2,"15":2,"16":2,"17":1,"18":1,"19":2,"20":2,"21":1,"22":1,"23":1,"24":1,"25":1},"f":{"0":1,"1":2,"2":14,"3":2,"4":2,"5":1},"b":{"0":[1,1],"1":[1,13],"2":[1,1],"3":[1,1],"4":[0],"5":[0],"6":[1]},"_coverageSchema":"1a1c01bbd47fc00a2c39e90264f33305004495a9","hash":"b8d83029e601799c83789b632359a4d50db05f41"}
,"/Users/Graham/Documents/Code/express/express-jobly/routes/companiesRoutes.js": {"path":"/Users/Graham/Documents/Code/express/express-jobly/routes/companiesRoutes.js","statementMap":{"0":{"start":{"line":1,"column":16},"end":{"line":1,"column":34}},"1":{"start":{"line":2,"column":16},"end":{"line":2,"column":46}},"2":{"start":{"line":3,"column":21},"end":{"line":3,"column":55}},"3":{"start":{"line":4,"column":19},"end":{"line":4,"column":40}},"4":{"start":{"line":5,"column":22},"end":{"line":5,"column":62}},"5":{"start":{"line":6,"column":28},"end":{"line":6,"column":74}},"6":{"start":{"line":9,"column":15},"end":{"line":9,"column":35}},"7":{"start":{"line":17,"column":0},"end":{"line":38,"column":3}},"8":{"start":{"line":18,"column":2},"end":{"line":37,"column":3}},"9":{"start":{"line":20,"column":53},"end":{"line":20,"column":62}},"10":{"start":{"line":22,"column":4},"end":{"line":30,"column":5}},"11":{"start":{"line":23,"column":6},"end":{"line":25,"column":7}},"12":{"start":{"line":24,"column":8},"end":{"line":24,"column":70}},"13":{"start":{"line":27,"column":6},"end":{"line":27,"column":80}},"14":{"start":{"line":29,"column":6},"end":{"line":29,"column":35}},"15":{"start":{"line":32,"column":22},"end":{"line":32,"column":74}},"16":{"start":{"line":32,"column":40},"end":{"line":32,"column":72}},"17":{"start":{"line":34,"column":4},"end":{"line":34,"column":35}},"18":{"start":{"line":36,"column":4},"end":{"line":36,"column":21}},"19":{"start":{"line":46,"column":0},"end":{"line":63,"column":2}},"20":{"start":{"line":47,"column":2},"end":{"line":62,"column":3}},"21":{"start":{"line":48,"column":19},"end":{"line":48,"column":63}},"22":{"start":{"line":50,"column":4},"end":{"line":54,"column":5}},"23":{"start":{"line":51,"column":25},"end":{"line":51,"column":64}},"24":{"start":{"line":51,"column":52},"end":{"line":51,"column":63}},"25":{"start":{"line":52,"column":18},"end":{"line":52,"column":53}},"26":{"start":{"line":53,"column":6},"end":{"line":53,"column":25}},"27":{"start":{"line":56,"column":23},"end":{"line":56,"column":61}},"28":{"start":{"line":58,"column":4},"end":{"line":58,"column":43}},"29":{"start":{"line":61,"column":4},"end":{"line":61,"column":21}},"30":{"start":{"line":71,"column":0},"end":{"line":79,"column":2}},"31":{"start":{"line":72,"column":2},"end":{"line":78,"column":3}},"32":{"start":{"line":73,"column":20},"end":{"line":73,"column":56}},"33":{"start":{"line":75,"column":4},"end":{"line":75,"column":33}},"34":{"start":{"line":77,"column":4},"end":{"line":77,"column":21}},"35":{"start":{"line":89,"column":0},"end":{"line":104,"column":3}},"36":{"start":{"line":90,"column":2},"end":{"line":103,"column":3}},"37":{"start":{"line":91,"column":19},"end":{"line":91,"column":69}},"38":{"start":{"line":93,"column":4},"end":{"line":96,"column":5}},"39":{"start":{"line":94,"column":25},"end":{"line":94,"column":64}},"40":{"start":{"line":94,"column":52},"end":{"line":94,"column":63}},"41":{"start":{"line":95,"column":6},"end":{"line":95,"column":48}},"42":{"start":{"line":98,"column":20},"end":{"line":98,"column":77}},"43":{"start":{"line":100,"column":4},"end":{"line":100,"column":33}},"44":{"start":{"line":102,"column":4},"end":{"line":102,"column":21}},"45":{"start":{"line":114,"column":0},"end":{"line":122,"column":2}},"46":{"start":{"line":115,"column":2},"end":{"line":121,"column":3}},"47":{"start":{"line":116,"column":19},"end":{"line":116,"column":58}},"48":{"start":{"line":118,"column":4},"end":{"line":118,"column":52}},"49":{"start":{"line":120,"column":4},"end":{"line":120,"column":21}},"50":{"start":{"line":125,"column":0},"end":{"line":125,"column":24}}},"fnMap":{"0":{"name":"(anonymous_0)","decl":{"start":{"line":17,"column":16},"end":{"line":17,"column":17}},"loc":{"start":{"line":17,"column":46},"end":{"line":38,"column":1}},"line":17},"1":{"name":"(anonymous_1)","decl":{"start":{"line":32,"column":34},"end":{"line":32,"column":35}},"loc":{"start":{"line":32,"column":40},"end":{"line":32,"column":72}},"line":32},"2":{"name":"(anonymous_2)","decl":{"start":{"line":46,"column":17},"end":{"line":46,"column":18}},"loc":{"start":{"line":46,"column":48},"end":{"line":63,"column":1}},"line":46},"3":{"name":"(anonymous_3)","decl":{"start":{"line":51,"column":43},"end":{"line":51,"column":44}},"loc":{"start":{"line":51,"column":52},"end":{"line":51,"column":63}},"line":51},"4":{"name":"(anonymous_4)","decl":{"start":{"line":71,"column":23},"end":{"line":71,"column":24}},"loc":{"start":{"line":71,"column":54},"end":{"line":79,"column":1}},"line":71},"5":{"name":"(anonymous_5)","decl":{"start":{"line":89,"column":25},"end":{"line":89,"column":26}},"loc":{"start":{"line":89,"column":57},"end":{"line":104,"column":1}},"line":89},"6":{"name":"(anonymous_6)","decl":{"start":{"line":94,"column":43},"end":{"line":94,"column":44}},"loc":{"start":{"line":94,"column":52},"end":{"line":94,"column":63}},"line":94},"7":{"name":"(anonymous_7)","decl":{"start":{"line":114,"column":26},"end":{"line":114,"column":27}},"loc":{"start":{"line":114,"column":58},"end":{"line":122,"column":1}},"line":114}},"branchMap":{"0":{"loc":{"start":{"line":22,"column":4},"end":{"line":30,"column":5}},"type":"if","locations":[{"start":{"line":22,"column":4},"end":{"line":30,"column":5}},{"start":{"line":22,"column":4},"end":{"line":30,"column":5}}],"line":22},"1":{"loc":{"start":{"line":22,"column":7},"end":{"line":22,"column":47}},"type":"binary-expr","locations":[{"start":{"line":22,"column":7},"end":{"line":22,"column":13}},{"start":{"line":22,"column":17},"end":{"line":22,"column":30}},{"start":{"line":22,"column":34},"end":{"line":22,"column":47}}],"line":22},"2":{"loc":{"start":{"line":23,"column":6},"end":{"line":25,"column":7}},"type":"if","locations":[{"start":{"line":23,"column":6},"end":{"line":25,"column":7}},{"start":{"line":23,"column":6},"end":{"line":25,"column":7}}],"line":23},"3":{"loc":{"start":{"line":50,"column":4},"end":{"line":54,"column":5}},"type":"if","locations":[{"start":{"line":50,"column":4},"end":{"line":54,"column":5}},{"start":{"line":50,"column":4},"end":{"line":54,"column":5}}],"line":50},"4":{"loc":{"start":{"line":93,"column":4},"end":{"line":96,"column":5}},"type":"if","locations":[{"start":{"line":93,"column":4},"end":{"line":96,"column":5}},{"start":{"line":93,"column":4},"end":{"line":96,"column":5}}],"line":93}},"s":{"0":1,"1":1,"2":1,"3":1,"4":1,"5":1,"6":1,"7":1,"8":3,"9":3,"10":3,"11":2,"12":1,"13":1,"14":1,"15":2,"16":2,"17":2,"18":1,"19":1,"20":2,"21":2,"22":2,"23":0,"24":0,"25":0,"26":0,"27":2,"28":1,"29":1,"30":1,"31":2,"32":2,"33":1,"34":1,"35":1,"36":3,"37":3,"38":3,"39":1,"40":1,"41":1,"42":2,"43":1,"44":2,"45":1,"46":2,"47":2,"48":1,"49":1,"50":1},"f":{"0":3,"1":2,"2":2,"3":0,"4":2,"5":3,"6":1,"7":2},"b":{"0":[2,1],"1":[3,2,1],"2":[1,1],"3":[0,2],"4":[1,2]},"_coverageSchema":"1a1c01bbd47fc00a2c39e90264f33305004495a9","hash":"15a9cc6f8d3a1cfa3501dbdeef97245f8614f91c"}
}
