{"/Users/terrychiem/Desktop/Rithm/Exercises/express-jobly/app.js": {"path":"/Users/terrychiem/Desktop/Rithm/Exercises/express-jobly/app.js","statementMap":{"0":{"start":{"line":3,"column":16},"end":{"line":3,"column":34}},"1":{"start":{"line":5,"column":21},"end":{"line":5,"column":54}},"2":{"start":{"line":7,"column":15},"end":{"line":7,"column":32}},"3":{"start":{"line":9,"column":12},"end":{"line":9,"column":21}},"4":{"start":{"line":11,"column":0},"end":{"line":11,"column":24}},"5":{"start":{"line":14,"column":0},"end":{"line":14,"column":24}},"6":{"start":{"line":17,"column":24},"end":{"line":17,"column":59}},"7":{"start":{"line":18,"column":0},"end":{"line":18,"column":39}},"8":{"start":{"line":19,"column":19},"end":{"line":19,"column":49}},"9":{"start":{"line":20,"column":0},"end":{"line":20,"column":29}},"10":{"start":{"line":21,"column":19},"end":{"line":21,"column":49}},"11":{"start":{"line":22,"column":0},"end":{"line":22,"column":30}},"12":{"start":{"line":26,"column":0},"end":{"line":31,"column":3}},"13":{"start":{"line":27,"column":14},"end":{"line":27,"column":48}},"14":{"start":{"line":30,"column":2},"end":{"line":30,"column":19}},"15":{"start":{"line":35,"column":0},"end":{"line":43,"column":3}},"16":{"start":{"line":36,"column":2},"end":{"line":36,"column":32}},"17":{"start":{"line":37,"column":2},"end":{"line":37,"column":27}},"18":{"start":{"line":39,"column":2},"end":{"line":42,"column":5}},"19":{"start":{"line":45,"column":0},"end":{"line":45,"column":21}}},"fnMap":{"0":{"name":"(anonymous_0)","decl":{"start":{"line":26,"column":8},"end":{"line":26,"column":9}},"loc":{"start":{"line":26,"column":33},"end":{"line":31,"column":1}},"line":26},"1":{"name":"(anonymous_1)","decl":{"start":{"line":35,"column":8},"end":{"line":35,"column":9}},"loc":{"start":{"line":35,"column":38},"end":{"line":43,"column":1}},"line":35}},"branchMap":{"0":{"loc":{"start":{"line":36,"column":13},"end":{"line":36,"column":30}},"type":"binary-expr","locations":[{"start":{"line":36,"column":13},"end":{"line":36,"column":23}},{"start":{"line":36,"column":27},"end":{"line":36,"column":30}}],"line":36}},"s":{"0":2,"1":2,"2":2,"3":2,"4":2,"5":2,"6":2,"7":2,"8":2,"9":2,"10":2,"11":2,"12":2,"13":0,"14":0,"15":2,"16":12,"17":12,"18":12,"19":2},"f":{"0":0,"1":12},"b":{"0":[12,0]},"_coverageSchema":"1a1c01bbd47fc00a2c39e90264f33305004495a9","hash":"e8a4f22b9e8f51a66d786a131decba8c230efc79"}
,"/Users/terrychiem/Desktop/Rithm/Exercises/express-jobly/config.js": {"path":"/Users/terrychiem/Desktop/Rithm/Exercises/express-jobly/config.js","statementMap":{"0":{"start":{"line":3,"column":0},"end":{"line":3,"column":27}},"1":{"start":{"line":5,"column":19},"end":{"line":5,"column":51}},"2":{"start":{"line":7,"column":13},"end":{"line":7,"column":38}},"3":{"start":{"line":17,"column":0},"end":{"line":21,"column":1}},"4":{"start":{"line":18,"column":2},"end":{"line":18,"column":24}},"5":{"start":{"line":20,"column":2},"end":{"line":20,"column":47}},"6":{"start":{"line":23,"column":27},"end":{"line":23,"column":29}},"7":{"start":{"line":25,"column":23},"end":{"line":34,"column":1}},"8":{"start":{"line":36,"column":0},"end":{"line":42,"column":2}}},"fnMap":{},"branchMap":{"0":{"loc":{"start":{"line":5,"column":19},"end":{"line":5,"column":51}},"type":"binary-expr","locations":[{"start":{"line":5,"column":19},"end":{"line":5,"column":41}},{"start":{"line":5,"column":45},"end":{"line":5,"column":51}}],"line":5},"1":{"loc":{"start":{"line":7,"column":13},"end":{"line":7,"column":38}},"type":"binary-expr","locations":[{"start":{"line":7,"column":13},"end":{"line":7,"column":30}},{"start":{"line":7,"column":34},"end":{"line":7,"column":38}}],"line":7},"2":{"loc":{"start":{"line":17,"column":0},"end":{"line":21,"column":1}},"type":"if","locations":[{"start":{"line":17,"column":0},"end":{"line":21,"column":1}},{"start":{"line":17,"column":0},"end":{"line":21,"column":1}}],"line":17},"3":{"loc":{"start":{"line":20,"column":11},"end":{"line":20,"column":46}},"type":"binary-expr","locations":[{"start":{"line":20,"column":11},"end":{"line":20,"column":35}},{"start":{"line":20,"column":39},"end":{"line":20,"column":46}}],"line":20}},"s":{"0":2,"1":2,"2":2,"3":2,"4":2,"5":0,"6":2,"7":2,"8":2},"f":{},"b":{"0":[2,2],"1":[2,2],"2":[2,0],"3":[0,0]},"_coverageSchema":"1a1c01bbd47fc00a2c39e90264f33305004495a9","hash":"36eddba6f90eaab3fda2b5bde19a823be5248a09"}
,"/Users/terrychiem/Desktop/Rithm/Exercises/express-jobly/db.js": {"path":"/Users/terrychiem/Desktop/Rithm/Exercises/express-jobly/db.js","statementMap":{"0":{"start":{"line":3,"column":19},"end":{"line":3,"column":32}},"1":{"start":{"line":4,"column":19},"end":{"line":4,"column":38}},"2":{"start":{"line":6,"column":11},"end":{"line":8,"column":2}},"3":{"start":{"line":10,"column":0},"end":{"line":10,"column":13}},"4":{"start":{"line":12,"column":0},"end":{"line":12,"column":20}}},"fnMap":{},"branchMap":{},"s":{"0":2,"1":2,"2":2,"3":2,"4":2},"f":{},"b":{},"_coverageSchema":"1a1c01bbd47fc00a2c39e90264f33305004495a9","hash":"eba6fdcef9db81f1604ee19618741fd1e4efb538"}
,"/Users/terrychiem/Desktop/Rithm/Exercises/express-jobly/helpers/expressError.js": {"path":"/Users/terrychiem/Desktop/Rithm/Exercises/express-jobly/helpers/expressError.js","statementMap":{"0":{"start":{"line":11,"column":4},"end":{"line":11,"column":12}},"1":{"start":{"line":12,"column":4},"end":{"line":12,"column":27}},"2":{"start":{"line":13,"column":4},"end":{"line":13,"column":25}},"3":{"start":{"line":14,"column":4},"end":{"line":14,"column":30}},"4":{"start":{"line":18,"column":0},"end":{"line":18,"column":30}}},"fnMap":{"0":{"name":"(anonymous_0)","decl":{"start":{"line":10,"column":2},"end":{"line":10,"column":3}},"loc":{"start":{"line":10,"column":31},"end":{"line":15,"column":3}},"line":10}},"branchMap":{},"s":{"0":12,"1":12,"2":12,"3":12,"4":2},"f":{"0":12},"b":{},"_coverageSchema":"1a1c01bbd47fc00a2c39e90264f33305004495a9","hash":"a06daa80728244da35929b89ccfdda8be304799f"}
,"/Users/terrychiem/Desktop/Rithm/Exercises/express-jobly/helpers/partialUpdate.js": {"path":"/Users/terrychiem/Desktop/Rithm/Exercises/express-jobly/helpers/partialUpdate.js","statementMap":{"0":{"start":{"line":19,"column":12},"end":{"line":19,"column":13}},"1":{"start":{"line":20,"column":16},"end":{"line":20,"column":18}},"2":{"start":{"line":23,"column":2},"end":{"line":27,"column":3}},"3":{"start":{"line":24,"column":4},"end":{"line":26,"column":5}},"4":{"start":{"line":25,"column":6},"end":{"line":25,"column":24}},"5":{"start":{"line":29,"column":2},"end":{"line":32,"column":3}},"6":{"start":{"line":30,"column":4},"end":{"line":30,"column":38}},"7":{"start":{"line":31,"column":4},"end":{"line":31,"column":13}},"8":{"start":{"line":35,"column":13},"end":{"line":35,"column":31}},"9":{"start":{"line":36,"column":14},"end":{"line":36,"column":76}},"10":{"start":{"line":38,"column":15},"end":{"line":38,"column":35}},"11":{"start":{"line":39,"column":2},"end":{"line":39,"column":18}},"12":{"start":{"line":41,"column":2},"end":{"line":41,"column":27}},"13":{"start":{"line":44,"column":0},"end":{"line":44,"column":37}}},"fnMap":{"0":{"name":"sqlForPartialUpdate","decl":{"start":{"line":15,"column":9},"end":{"line":15,"column":28}},"loc":{"start":{"line":15,"column":52},"end":{"line":42,"column":1}},"line":15}},"branchMap":{"0":{"loc":{"start":{"line":24,"column":4},"end":{"line":26,"column":5}},"type":"if","locations":[{"start":{"line":24,"column":4},"end":{"line":26,"column":5}},{"start":{"line":24,"column":4},"end":{"line":26,"column":5}}],"line":24}},"s":{"0":7,"1":7,"2":7,"3":14,"4":1,"5":7,"6":13,"7":13,"8":7,"9":7,"10":7,"11":7,"12":7,"13":3},"f":{"0":7},"b":{"0":[1,13]},"_coverageSchema":"1a1c01bbd47fc00a2c39e90264f33305004495a9","hash":"27710198ebaadd6a2c35112b61fc84683efee4da"}
,"/Users/terrychiem/Desktop/Rithm/Exercises/express-jobly/models/companies.js": {"path":"/Users/terrychiem/Desktop/Rithm/Exercises/express-jobly/models/companies.js","statementMap":{"0":{"start":{"line":1,"column":11},"end":{"line":1,"column":27}},"1":{"start":{"line":2,"column":21},"end":{"line":2,"column":55}},"2":{"start":{"line":3,"column":28},"end":{"line":3,"column":63}},"3":{"start":{"line":5,"column":93},"end":{"line":5,"column":113}},"4":{"start":{"line":15,"column":19},"end":{"line":22,"column":35}},"5":{"start":{"line":24,"column":4},"end":{"line":24,"column":23}},"6":{"start":{"line":33,"column":19},"end":{"line":41,"column":15}},"7":{"start":{"line":43,"column":4},"end":{"line":45,"column":5}},"8":{"start":{"line":44,"column":6},"end":{"line":44,"column":60}},"9":{"start":{"line":47,"column":18},"end":{"line":47,"column":32}},"10":{"start":{"line":49,"column":23},"end":{"line":57,"column":22}},"11":{"start":{"line":59,"column":4},"end":{"line":59,"column":35}},"12":{"start":{"line":61,"column":4},"end":{"line":61,"column":19}},"13":{"start":{"line":75,"column":20},"end":{"line":75,"column":94}},"14":{"start":{"line":76,"column":4},"end":{"line":78,"column":5}},"15":{"start":{"line":77,"column":6},"end":{"line":77,"column":65}},"16":{"start":{"line":85,"column":19},"end":{"line":94,"column":59}},"17":{"start":{"line":96,"column":4},"end":{"line":96,"column":26}},"18":{"start":{"line":108,"column":16},"end":{"line":108,"column":73}},"19":{"start":{"line":110,"column":19},"end":{"line":110,"column":56}},"20":{"start":{"line":112,"column":4},"end":{"line":114,"column":5}},"21":{"start":{"line":113,"column":6},"end":{"line":113,"column":60}},"22":{"start":{"line":116,"column":4},"end":{"line":116,"column":26}},"23":{"start":{"line":128,"column":19},"end":{"line":137,"column":15}},"24":{"start":{"line":139,"column":4},"end":{"line":141,"column":5}},"25":{"start":{"line":140,"column":6},"end":{"line":140,"column":51}},"26":{"start":{"line":143,"column":4},"end":{"line":143,"column":26}},"27":{"start":{"line":157,"column":4},"end":{"line":159,"column":5}},"28":{"start":{"line":158,"column":6},"end":{"line":158,"column":58}},"29":{"start":{"line":161,"column":18},"end":{"line":161,"column":20}},"30":{"start":{"line":162,"column":16},"end":{"line":162,"column":18}},"31":{"start":{"line":163,"column":27},"end":{"line":163,"column":28}},"32":{"start":{"line":165,"column":4},"end":{"line":169,"column":5}},"33":{"start":{"line":166,"column":6},"end":{"line":166,"column":93}},"34":{"start":{"line":167,"column":6},"end":{"line":167,"column":31}},"35":{"start":{"line":168,"column":6},"end":{"line":168,"column":25}},"36":{"start":{"line":171,"column":4},"end":{"line":175,"column":5}},"37":{"start":{"line":172,"column":6},"end":{"line":172,"column":60}},"38":{"start":{"line":173,"column":6},"end":{"line":173,"column":32}},"39":{"start":{"line":174,"column":6},"end":{"line":174,"column":24}},"40":{"start":{"line":177,"column":4},"end":{"line":181,"column":5}},"41":{"start":{"line":178,"column":6},"end":{"line":178,"column":60}},"42":{"start":{"line":179,"column":6},"end":{"line":179,"column":32}},"43":{"start":{"line":180,"column":6},"end":{"line":180,"column":24}},"44":{"start":{"line":183,"column":18},"end":{"line":190,"column":47}},"45":{"start":{"line":192,"column":19},"end":{"line":192,"column":47}},"46":{"start":{"line":194,"column":4},"end":{"line":194,"column":23}},"47":{"start":{"line":199,"column":0},"end":{"line":199,"column":25}}},"fnMap":{"0":{"name":"(anonymous_0)","decl":{"start":{"line":14,"column":2},"end":{"line":14,"column":3}},"loc":{"start":{"line":14,"column":21},"end":{"line":25,"column":3}},"line":14},"1":{"name":"(anonymous_1)","decl":{"start":{"line":32,"column":2},"end":{"line":32,"column":3}},"loc":{"start":{"line":32,"column":27},"end":{"line":62,"column":3}},"line":32},"2":{"name":"(anonymous_2)","decl":{"start":{"line":72,"column":2},"end":{"line":72,"column":3}},"loc":{"start":{"line":72,"column":78},"end":{"line":97,"column":3}},"line":72},"3":{"name":"(anonymous_3)","decl":{"start":{"line":107,"column":2},"end":{"line":107,"column":3}},"loc":{"start":{"line":107,"column":37},"end":{"line":117,"column":3}},"line":107},"4":{"name":"(anonymous_4)","decl":{"start":{"line":127,"column":2},"end":{"line":127,"column":3}},"loc":{"start":{"line":127,"column":30},"end":{"line":144,"column":4}},"line":127},"5":{"name":"(anonymous_5)","decl":{"start":{"line":156,"column":2},"end":{"line":156,"column":3}},"loc":{"start":{"line":156,"column":70},"end":{"line":195,"column":3}},"line":156}},"branchMap":{"0":{"loc":{"start":{"line":43,"column":4},"end":{"line":45,"column":5}},"type":"if","locations":[{"start":{"line":43,"column":4},"end":{"line":45,"column":5}},{"start":{"line":43,"column":4},"end":{"line":45,"column":5}}],"line":43},"1":{"loc":{"start":{"line":76,"column":4},"end":{"line":78,"column":5}},"type":"if","locations":[{"start":{"line":76,"column":4},"end":{"line":78,"column":5}},{"start":{"line":76,"column":4},"end":{"line":78,"column":5}}],"line":76},"2":{"loc":{"start":{"line":112,"column":4},"end":{"line":114,"column":5}},"type":"if","locations":[{"start":{"line":112,"column":4},"end":{"line":114,"column":5}},{"start":{"line":112,"column":4},"end":{"line":114,"column":5}}],"line":112},"3":{"loc":{"start":{"line":139,"column":4},"end":{"line":141,"column":5}},"type":"if","locations":[{"start":{"line":139,"column":4},"end":{"line":141,"column":5}},{"start":{"line":139,"column":4},"end":{"line":141,"column":5}}],"line":139},"4":{"loc":{"start":{"line":157,"column":4},"end":{"line":159,"column":5}},"type":"if","locations":[{"start":{"line":157,"column":4},"end":{"line":159,"column":5}},{"start":{"line":157,"column":4},"end":{"line":159,"column":5}}],"line":157},"5":{"loc":{"start":{"line":165,"column":4},"end":{"line":169,"column":5}},"type":"if","locations":[{"start":{"line":165,"column":4},"end":{"line":169,"column":5}},{"start":{"line":165,"column":4},"end":{"line":169,"column":5}}],"line":165},"6":{"loc":{"start":{"line":171,"column":4},"end":{"line":175,"column":5}},"type":"if","locations":[{"start":{"line":171,"column":4},"end":{"line":175,"column":5}},{"start":{"line":171,"column":4},"end":{"line":175,"column":5}}],"line":171},"7":{"loc":{"start":{"line":177,"column":4},"end":{"line":181,"column":5}},"type":"if","locations":[{"start":{"line":177,"column":4},"end":{"line":181,"column":5}},{"start":{"line":177,"column":4},"end":{"line":181,"column":5}}],"line":177}},"s":{"0":2,"1":2,"2":2,"3":2,"4":1,"5":1,"6":2,"7":2,"8":1,"9":1,"10":1,"11":1,"12":1,"13":26,"14":26,"15":1,"16":25,"17":25,"18":2,"19":2,"20":2,"21":1,"22":1,"23":2,"24":2,"25":1,"26":1,"27":2,"28":1,"29":1,"30":1,"31":1,"32":1,"33":1,"34":1,"35":1,"36":1,"37":1,"38":1,"39":1,"40":1,"41":0,"42":0,"43":0,"44":1,"45":1,"46":1,"47":2},"f":{"0":1,"1":2,"2":26,"3":2,"4":2,"5":2},"b":{"0":[1,1],"1":[1,25],"2":[1,1],"3":[1,1],"4":[1,1],"5":[1,0],"6":[1,0],"7":[0,1]},"_coverageSchema":"1a1c01bbd47fc00a2c39e90264f33305004495a9","hash":"4a3a183c66d43182115c2005d0dc70308fa43974"}
,"/Users/terrychiem/Desktop/Rithm/Exercises/express-jobly/models/jobs.js": {"path":"/Users/terrychiem/Desktop/Rithm/Exercises/express-jobly/models/jobs.js","statementMap":{"0":{"start":{"line":1,"column":11},"end":{"line":1,"column":27}},"1":{"start":{"line":2,"column":21},"end":{"line":2,"column":55}},"2":{"start":{"line":3,"column":28},"end":{"line":3,"column":63}},"3":{"start":{"line":5,"column":64},"end":{"line":5,"column":84}},"4":{"start":{"line":15,"column":19},"end":{"line":19,"column":33}},"5":{"start":{"line":21,"column":4},"end":{"line":21,"column":23}},"6":{"start":{"line":30,"column":19},"end":{"line":44,"column":11}},"7":{"start":{"line":46,"column":4},"end":{"line":48,"column":5}},"8":{"start":{"line":47,"column":6},"end":{"line":47,"column":52}},"9":{"start":{"line":50,"column":65},"end":{"line":50,"column":79}},"10":{"start":{"line":52,"column":19},"end":{"line":62,"column":5}},"11":{"start":{"line":64,"column":4},"end":{"line":64,"column":18}},"12":{"start":{"line":76,"column":4},"end":{"line":91,"column":5}},"13":{"start":{"line":78,"column":19},"end":{"line":86,"column":46}},"14":{"start":{"line":88,"column":4},"end":{"line":88,"column":26}},"15":{"start":{"line":90,"column":6},"end":{"line":90,"column":45}},"16":{"start":{"line":103,"column":4},"end":{"line":110,"column":5}},"17":{"start":{"line":104,"column":18},"end":{"line":104,"column":62}},"18":{"start":{"line":105,"column":21},"end":{"line":105,"column":58}},"19":{"start":{"line":107,"column":6},"end":{"line":107,"column":28}},"20":{"start":{"line":109,"column":6},"end":{"line":109,"column":52}},"21":{"start":{"line":121,"column":4},"end":{"line":131,"column":5}},"22":{"start":{"line":122,"column":21},"end":{"line":126,"column":13}},"23":{"start":{"line":128,"column":6},"end":{"line":128,"column":28}},"24":{"start":{"line":130,"column":6},"end":{"line":130,"column":52}},"25":{"start":{"line":145,"column":4},"end":{"line":147,"column":5}},"26":{"start":{"line":146,"column":6},"end":{"line":146,"column":45}},"27":{"start":{"line":149,"column":18},"end":{"line":149,"column":20}},"28":{"start":{"line":150,"column":16},"end":{"line":150,"column":18}},"29":{"start":{"line":151,"column":27},"end":{"line":151,"column":28}},"30":{"start":{"line":153,"column":4},"end":{"line":157,"column":5}},"31":{"start":{"line":154,"column":6},"end":{"line":154,"column":102}},"32":{"start":{"line":155,"column":6},"end":{"line":155,"column":31}},"33":{"start":{"line":156,"column":6},"end":{"line":156,"column":25}},"34":{"start":{"line":159,"column":4},"end":{"line":163,"column":5}},"35":{"start":{"line":160,"column":6},"end":{"line":160,"column":53}},"36":{"start":{"line":161,"column":6},"end":{"line":161,"column":29}},"37":{"start":{"line":162,"column":6},"end":{"line":162,"column":24}},"38":{"start":{"line":165,"column":4},"end":{"line":169,"column":5}},"39":{"start":{"line":166,"column":6},"end":{"line":166,"column":53}},"40":{"start":{"line":167,"column":6},"end":{"line":167,"column":29}},"41":{"start":{"line":168,"column":6},"end":{"line":168,"column":24}},"42":{"start":{"line":171,"column":18},"end":{"line":175,"column":52}},"43":{"start":{"line":177,"column":19},"end":{"line":177,"column":47}},"44":{"start":{"line":179,"column":4},"end":{"line":179,"column":23}},"45":{"start":{"line":184,"column":0},"end":{"line":184,"column":21}}},"fnMap":{"0":{"name":"(anonymous_0)","decl":{"start":{"line":14,"column":2},"end":{"line":14,"column":3}},"loc":{"start":{"line":14,"column":21},"end":{"line":22,"column":3}},"line":14},"1":{"name":"(anonymous_1)","decl":{"start":{"line":29,"column":2},"end":{"line":29,"column":3}},"loc":{"start":{"line":29,"column":23},"end":{"line":65,"column":3}},"line":29},"2":{"name":"(anonymous_2)","decl":{"start":{"line":75,"column":2},"end":{"line":75,"column":3}},"loc":{"start":{"line":75,"column":65},"end":{"line":92,"column":3}},"line":75},"3":{"name":"(anonymous_3)","decl":{"start":{"line":102,"column":2},"end":{"line":102,"column":3}},"loc":{"start":{"line":102,"column":33},"end":{"line":111,"column":3}},"line":102},"4":{"name":"(anonymous_4)","decl":{"start":{"line":120,"column":2},"end":{"line":120,"column":3}},"loc":{"start":{"line":120,"column":26},"end":{"line":132,"column":4}},"line":120},"5":{"name":"(anonymous_5)","decl":{"start":{"line":144,"column":2},"end":{"line":144,"column":3}},"loc":{"start":{"line":144,"column":64},"end":{"line":180,"column":3}},"line":144}},"branchMap":{"0":{"loc":{"start":{"line":46,"column":4},"end":{"line":48,"column":5}},"type":"if","locations":[{"start":{"line":46,"column":4},"end":{"line":48,"column":5}},{"start":{"line":46,"column":4},"end":{"line":48,"column":5}}],"line":46},"1":{"loc":{"start":{"line":145,"column":4},"end":{"line":147,"column":5}},"type":"if","locations":[{"start":{"line":145,"column":4},"end":{"line":147,"column":5}},{"start":{"line":145,"column":4},"end":{"line":147,"column":5}}],"line":145},"2":{"loc":{"start":{"line":153,"column":4},"end":{"line":157,"column":5}},"type":"if","locations":[{"start":{"line":153,"column":4},"end":{"line":157,"column":5}},{"start":{"line":153,"column":4},"end":{"line":157,"column":5}}],"line":153},"3":{"loc":{"start":{"line":159,"column":4},"end":{"line":163,"column":5}},"type":"if","locations":[{"start":{"line":159,"column":4},"end":{"line":163,"column":5}},{"start":{"line":159,"column":4},"end":{"line":163,"column":5}}],"line":159},"4":{"loc":{"start":{"line":165,"column":4},"end":{"line":169,"column":5}},"type":"if","locations":[{"start":{"line":165,"column":4},"end":{"line":169,"column":5}},{"start":{"line":165,"column":4},"end":{"line":169,"column":5}}],"line":165}},"s":{"0":2,"1":2,"2":2,"3":2,"4":1,"5":1,"6":2,"7":2,"8":1,"9":1,"10":1,"11":1,"12":14,"13":14,"14":13,"15":1,"16":2,"17":2,"18":2,"19":1,"20":1,"21":2,"22":2,"23":1,"24":1,"25":2,"26":1,"27":1,"28":1,"29":1,"30":1,"31":1,"32":1,"33":1,"34":1,"35":1,"36":1,"37":1,"38":1,"39":0,"40":0,"41":0,"42":1,"43":1,"44":1,"45":2},"f":{"0":1,"1":2,"2":14,"3":2,"4":2,"5":2},"b":{"0":[1,1],"1":[1,1],"2":[1,0],"3":[1,0],"4":[0,1]},"_coverageSchema":"1a1c01bbd47fc00a2c39e90264f33305004495a9","hash":"e9003fd50bf427238ff7d6d6817942c29d4d5745"}
,"/Users/terrychiem/Desktop/Rithm/Exercises/express-jobly/models/users.js": {"path":"/Users/terrychiem/Desktop/Rithm/Exercises/express-jobly/models/users.js","statementMap":{"0":{"start":{"line":1,"column":11},"end":{"line":1,"column":27}},"1":{"start":{"line":2,"column":21},"end":{"line":2,"column":55}},"2":{"start":{"line":3,"column":28},"end":{"line":3,"column":63}},"3":{"start":{"line":4,"column":15},"end":{"line":4,"column":32}},"4":{"start":{"line":5,"column":76},"end":{"line":5,"column":96}},"5":{"start":{"line":15,"column":19},"end":{"line":21,"column":32}},"6":{"start":{"line":23,"column":4},"end":{"line":23,"column":23}},"7":{"start":{"line":32,"column":19},"end":{"line":39,"column":17}},"8":{"start":{"line":41,"column":4},"end":{"line":43,"column":5}},"9":{"start":{"line":42,"column":6},"end":{"line":42,"column":74}},"10":{"start":{"line":45,"column":4},"end":{"line":45,"column":26}},"11":{"start":{"line":57,"column":4},"end":{"line":77,"column":5}},"12":{"start":{"line":59,"column":29},"end":{"line":59,"column":76}},"13":{"start":{"line":62,"column":19},"end":{"line":72,"column":74}},"14":{"start":{"line":74,"column":4},"end":{"line":74,"column":26}},"15":{"start":{"line":76,"column":6},"end":{"line":76,"column":65}},"16":{"start":{"line":89,"column":4},"end":{"line":96,"column":5}},"17":{"start":{"line":90,"column":18},"end":{"line":90,"column":75}},"18":{"start":{"line":91,"column":21},"end":{"line":91,"column":58}},"19":{"start":{"line":93,"column":6},"end":{"line":93,"column":28}},"20":{"start":{"line":95,"column":6},"end":{"line":95,"column":59}},"21":{"start":{"line":107,"column":4},"end":{"line":117,"column":5}},"22":{"start":{"line":108,"column":21},"end":{"line":112,"column":19}},"23":{"start":{"line":114,"column":6},"end":{"line":114,"column":28}},"24":{"start":{"line":116,"column":6},"end":{"line":116,"column":59}},"25":{"start":{"line":122,"column":0},"end":{"line":122,"column":22}}},"fnMap":{"0":{"name":"(anonymous_0)","decl":{"start":{"line":14,"column":2},"end":{"line":14,"column":3}},"loc":{"start":{"line":14,"column":21},"end":{"line":24,"column":3}},"line":14},"1":{"name":"(anonymous_1)","decl":{"start":{"line":31,"column":2},"end":{"line":31,"column":3}},"loc":{"start":{"line":31,"column":29},"end":{"line":46,"column":3}},"line":31},"2":{"name":"(anonymous_2)","decl":{"start":{"line":56,"column":2},"end":{"line":56,"column":3}},"loc":{"start":{"line":56,"column":87},"end":{"line":78,"column":3}},"line":56},"3":{"name":"(anonymous_3)","decl":{"start":{"line":88,"column":2},"end":{"line":88,"column":3}},"loc":{"start":{"line":88,"column":39},"end":{"line":97,"column":3}},"line":88},"4":{"name":"(anonymous_4)","decl":{"start":{"line":106,"column":2},"end":{"line":106,"column":3}},"loc":{"start":{"line":106,"column":32},"end":{"line":118,"column":4}},"line":106}},"branchMap":{"0":{"loc":{"start":{"line":41,"column":4},"end":{"line":43,"column":5}},"type":"if","locations":[{"start":{"line":41,"column":4},"end":{"line":43,"column":5}},{"start":{"line":41,"column":4},"end":{"line":43,"column":5}}],"line":41}},"s":{"0":2,"1":2,"2":2,"3":2,"4":2,"5":0,"6":0,"7":0,"8":0,"9":0,"10":0,"11":0,"12":0,"13":0,"14":0,"15":0,"16":0,"17":0,"18":0,"19":0,"20":0,"21":0,"22":0,"23":0,"24":0,"25":2},"f":{"0":0,"1":0,"2":0,"3":0,"4":0},"b":{"0":[0,0]},"_coverageSchema":"1a1c01bbd47fc00a2c39e90264f33305004495a9","hash":"a708dac59bbc4df61778d50c0e688ae3505c8b12"}
,"/Users/terrychiem/Desktop/Rithm/Exercises/express-jobly/routes/companiesRoutes.js": {"path":"/Users/terrychiem/Desktop/Rithm/Exercises/express-jobly/routes/companiesRoutes.js","statementMap":{"0":{"start":{"line":1,"column":16},"end":{"line":1,"column":34}},"1":{"start":{"line":2,"column":16},"end":{"line":2,"column":46}},"2":{"start":{"line":3,"column":21},"end":{"line":3,"column":55}},"3":{"start":{"line":4,"column":19},"end":{"line":4,"column":40}},"4":{"start":{"line":5,"column":22},"end":{"line":5,"column":62}},"5":{"start":{"line":6,"column":28},"end":{"line":6,"column":74}},"6":{"start":{"line":8,"column":15},"end":{"line":8,"column":35}},"7":{"start":{"line":16,"column":0},"end":{"line":33,"column":3}},"8":{"start":{"line":17,"column":2},"end":{"line":32,"column":3}},"9":{"start":{"line":19,"column":53},"end":{"line":19,"column":62}},"10":{"start":{"line":21,"column":4},"end":{"line":25,"column":5}},"11":{"start":{"line":22,"column":6},"end":{"line":22,"column":53}},"12":{"start":{"line":24,"column":6},"end":{"line":24,"column":35}},"13":{"start":{"line":27,"column":22},"end":{"line":27,"column":74}},"14":{"start":{"line":27,"column":40},"end":{"line":27,"column":72}},"15":{"start":{"line":29,"column":4},"end":{"line":29,"column":35}},"16":{"start":{"line":31,"column":4},"end":{"line":31,"column":21}},"17":{"start":{"line":41,"column":0},"end":{"line":58,"column":2}},"18":{"start":{"line":42,"column":2},"end":{"line":57,"column":3}},"19":{"start":{"line":43,"column":19},"end":{"line":43,"column":63}},"20":{"start":{"line":45,"column":4},"end":{"line":49,"column":5}},"21":{"start":{"line":46,"column":25},"end":{"line":46,"column":64}},"22":{"start":{"line":46,"column":52},"end":{"line":46,"column":63}},"23":{"start":{"line":47,"column":18},"end":{"line":47,"column":53}},"24":{"start":{"line":48,"column":6},"end":{"line":48,"column":25}},"25":{"start":{"line":51,"column":23},"end":{"line":51,"column":61}},"26":{"start":{"line":53,"column":4},"end":{"line":53,"column":43}},"27":{"start":{"line":56,"column":4},"end":{"line":56,"column":21}},"28":{"start":{"line":66,"column":0},"end":{"line":74,"column":2}},"29":{"start":{"line":67,"column":2},"end":{"line":73,"column":3}},"30":{"start":{"line":68,"column":20},"end":{"line":68,"column":56}},"31":{"start":{"line":70,"column":4},"end":{"line":70,"column":33}},"32":{"start":{"line":72,"column":4},"end":{"line":72,"column":21}},"33":{"start":{"line":84,"column":0},"end":{"line":99,"column":3}},"34":{"start":{"line":85,"column":2},"end":{"line":98,"column":3}},"35":{"start":{"line":86,"column":19},"end":{"line":86,"column":69}},"36":{"start":{"line":88,"column":4},"end":{"line":91,"column":5}},"37":{"start":{"line":89,"column":25},"end":{"line":89,"column":64}},"38":{"start":{"line":89,"column":52},"end":{"line":89,"column":63}},"39":{"start":{"line":90,"column":6},"end":{"line":90,"column":48}},"40":{"start":{"line":93,"column":20},"end":{"line":93,"column":77}},"41":{"start":{"line":95,"column":4},"end":{"line":95,"column":33}},"42":{"start":{"line":97,"column":4},"end":{"line":97,"column":21}},"43":{"start":{"line":109,"column":0},"end":{"line":117,"column":2}},"44":{"start":{"line":110,"column":2},"end":{"line":116,"column":3}},"45":{"start":{"line":111,"column":19},"end":{"line":111,"column":58}},"46":{"start":{"line":113,"column":4},"end":{"line":113,"column":52}},"47":{"start":{"line":115,"column":4},"end":{"line":115,"column":21}},"48":{"start":{"line":120,"column":0},"end":{"line":120,"column":24}}},"fnMap":{"0":{"name":"(anonymous_0)","decl":{"start":{"line":16,"column":16},"end":{"line":16,"column":17}},"loc":{"start":{"line":16,"column":46},"end":{"line":33,"column":1}},"line":16},"1":{"name":"(anonymous_1)","decl":{"start":{"line":27,"column":34},"end":{"line":27,"column":35}},"loc":{"start":{"line":27,"column":40},"end":{"line":27,"column":72}},"line":27},"2":{"name":"(anonymous_2)","decl":{"start":{"line":41,"column":17},"end":{"line":41,"column":18}},"loc":{"start":{"line":41,"column":48},"end":{"line":58,"column":1}},"line":41},"3":{"name":"(anonymous_3)","decl":{"start":{"line":46,"column":43},"end":{"line":46,"column":44}},"loc":{"start":{"line":46,"column":52},"end":{"line":46,"column":63}},"line":46},"4":{"name":"(anonymous_4)","decl":{"start":{"line":66,"column":23},"end":{"line":66,"column":24}},"loc":{"start":{"line":66,"column":54},"end":{"line":74,"column":1}},"line":66},"5":{"name":"(anonymous_5)","decl":{"start":{"line":84,"column":25},"end":{"line":84,"column":26}},"loc":{"start":{"line":84,"column":57},"end":{"line":99,"column":1}},"line":84},"6":{"name":"(anonymous_6)","decl":{"start":{"line":89,"column":43},"end":{"line":89,"column":44}},"loc":{"start":{"line":89,"column":52},"end":{"line":89,"column":63}},"line":89},"7":{"name":"(anonymous_7)","decl":{"start":{"line":109,"column":26},"end":{"line":109,"column":27}},"loc":{"start":{"line":109,"column":58},"end":{"line":117,"column":1}},"line":109}},"branchMap":{"0":{"loc":{"start":{"line":21,"column":4},"end":{"line":25,"column":5}},"type":"if","locations":[{"start":{"line":21,"column":4},"end":{"line":25,"column":5}},{"start":{"line":21,"column":4},"end":{"line":25,"column":5}}],"line":21},"1":{"loc":{"start":{"line":21,"column":7},"end":{"line":21,"column":47}},"type":"binary-expr","locations":[{"start":{"line":21,"column":7},"end":{"line":21,"column":13}},{"start":{"line":21,"column":17},"end":{"line":21,"column":30}},{"start":{"line":21,"column":34},"end":{"line":21,"column":47}}],"line":21},"2":{"loc":{"start":{"line":45,"column":4},"end":{"line":49,"column":5}},"type":"if","locations":[{"start":{"line":45,"column":4},"end":{"line":49,"column":5}},{"start":{"line":45,"column":4},"end":{"line":49,"column":5}}],"line":45},"3":{"loc":{"start":{"line":88,"column":4},"end":{"line":91,"column":5}},"type":"if","locations":[{"start":{"line":88,"column":4},"end":{"line":91,"column":5}},{"start":{"line":88,"column":4},"end":{"line":91,"column":5}}],"line":88}},"s":{"0":2,"1":2,"2":2,"3":2,"4":2,"5":2,"6":2,"7":2,"8":3,"9":3,"10":3,"11":2,"12":1,"13":2,"14":2,"15":2,"16":1,"17":2,"18":2,"19":2,"20":2,"21":0,"22":0,"23":0,"24":0,"25":2,"26":1,"27":1,"28":2,"29":2,"30":2,"31":1,"32":1,"33":2,"34":3,"35":3,"36":3,"37":1,"38":1,"39":1,"40":2,"41":1,"42":2,"43":2,"44":2,"45":2,"46":1,"47":1,"48":2},"f":{"0":3,"1":2,"2":2,"3":0,"4":2,"5":3,"6":1,"7":2},"b":{"0":[2,1],"1":[3,2,1],"2":[0,2],"3":[1,2]},"_coverageSchema":"1a1c01bbd47fc00a2c39e90264f33305004495a9","hash":"f84eb3d30777fdfdabdcdd124513362e3ea6a68f"}
,"/Users/terrychiem/Desktop/Rithm/Exercises/express-jobly/routes/jobsRoutes.js": {"path":"/Users/terrychiem/Desktop/Rithm/Exercises/express-jobly/routes/jobsRoutes.js","statementMap":{"0":{"start":{"line":1,"column":16},"end":{"line":1,"column":34}},"1":{"start":{"line":2,"column":12},"end":{"line":2,"column":37}},"2":{"start":{"line":3,"column":21},"end":{"line":3,"column":55}},"3":{"start":{"line":4,"column":19},"end":{"line":4,"column":40}},"4":{"start":{"line":5,"column":18},"end":{"line":5,"column":54}},"5":{"start":{"line":6,"column":24},"end":{"line":6,"column":66}},"6":{"start":{"line":8,"column":15},"end":{"line":8,"column":35}},"7":{"start":{"line":16,"column":0},"end":{"line":33,"column":3}},"8":{"start":{"line":17,"column":2},"end":{"line":32,"column":3}},"9":{"start":{"line":19,"column":46},"end":{"line":19,"column":55}},"10":{"start":{"line":21,"column":4},"end":{"line":25,"column":5}},"11":{"start":{"line":22,"column":6},"end":{"line":22,"column":49}},"12":{"start":{"line":24,"column":6},"end":{"line":24,"column":31}},"13":{"start":{"line":27,"column":17},"end":{"line":27,"column":84}},"14":{"start":{"line":27,"column":59},"end":{"line":27,"column":82}},"15":{"start":{"line":29,"column":4},"end":{"line":29,"column":30}},"16":{"start":{"line":31,"column":4},"end":{"line":31,"column":21}},"17":{"start":{"line":41,"column":0},"end":{"line":57,"column":2}},"18":{"start":{"line":42,"column":2},"end":{"line":56,"column":3}},"19":{"start":{"line":43,"column":19},"end":{"line":43,"column":59}},"20":{"start":{"line":45,"column":4},"end":{"line":48,"column":5}},"21":{"start":{"line":46,"column":25},"end":{"line":46,"column":64}},"22":{"start":{"line":46,"column":52},"end":{"line":46,"column":63}},"23":{"start":{"line":47,"column":6},"end":{"line":47,"column":48}},"24":{"start":{"line":50,"column":19},"end":{"line":50,"column":49}},"25":{"start":{"line":52,"column":4},"end":{"line":52,"column":35}},"26":{"start":{"line":55,"column":4},"end":{"line":55,"column":21}},"27":{"start":{"line":65,"column":0},"end":{"line":73,"column":2}},"28":{"start":{"line":66,"column":2},"end":{"line":72,"column":3}},"29":{"start":{"line":67,"column":16},"end":{"line":67,"column":44}},"30":{"start":{"line":69,"column":4},"end":{"line":69,"column":29}},"31":{"start":{"line":71,"column":4},"end":{"line":71,"column":21}},"32":{"start":{"line":83,"column":0},"end":{"line":98,"column":3}},"33":{"start":{"line":84,"column":2},"end":{"line":97,"column":3}},"34":{"start":{"line":85,"column":19},"end":{"line":85,"column":65}},"35":{"start":{"line":87,"column":4},"end":{"line":90,"column":5}},"36":{"start":{"line":88,"column":25},"end":{"line":88,"column":64}},"37":{"start":{"line":88,"column":52},"end":{"line":88,"column":63}},"38":{"start":{"line":89,"column":6},"end":{"line":89,"column":48}},"39":{"start":{"line":92,"column":16},"end":{"line":92,"column":61}},"40":{"start":{"line":94,"column":4},"end":{"line":94,"column":29}},"41":{"start":{"line":96,"column":4},"end":{"line":96,"column":21}},"42":{"start":{"line":108,"column":0},"end":{"line":116,"column":2}},"43":{"start":{"line":109,"column":2},"end":{"line":115,"column":3}},"44":{"start":{"line":110,"column":4},"end":{"line":110,"column":36}},"45":{"start":{"line":112,"column":4},"end":{"line":112,"column":48}},"46":{"start":{"line":114,"column":4},"end":{"line":114,"column":21}},"47":{"start":{"line":119,"column":0},"end":{"line":119,"column":24}}},"fnMap":{"0":{"name":"(anonymous_0)","decl":{"start":{"line":16,"column":16},"end":{"line":16,"column":17}},"loc":{"start":{"line":16,"column":46},"end":{"line":33,"column":1}},"line":16},"1":{"name":"(anonymous_1)","decl":{"start":{"line":27,"column":29},"end":{"line":27,"column":30}},"loc":{"start":{"line":27,"column":59},"end":{"line":27,"column":82}},"line":27},"2":{"name":"(anonymous_2)","decl":{"start":{"line":41,"column":17},"end":{"line":41,"column":18}},"loc":{"start":{"line":41,"column":48},"end":{"line":57,"column":1}},"line":41},"3":{"name":"(anonymous_3)","decl":{"start":{"line":46,"column":43},"end":{"line":46,"column":44}},"loc":{"start":{"line":46,"column":52},"end":{"line":46,"column":63}},"line":46},"4":{"name":"(anonymous_4)","decl":{"start":{"line":65,"column":19},"end":{"line":65,"column":20}},"loc":{"start":{"line":65,"column":50},"end":{"line":73,"column":1}},"line":65},"5":{"name":"(anonymous_5)","decl":{"start":{"line":83,"column":21},"end":{"line":83,"column":22}},"loc":{"start":{"line":83,"column":53},"end":{"line":98,"column":1}},"line":83},"6":{"name":"(anonymous_6)","decl":{"start":{"line":88,"column":43},"end":{"line":88,"column":44}},"loc":{"start":{"line":88,"column":52},"end":{"line":88,"column":63}},"line":88},"7":{"name":"(anonymous_7)","decl":{"start":{"line":108,"column":22},"end":{"line":108,"column":23}},"loc":{"start":{"line":108,"column":54},"end":{"line":116,"column":1}},"line":108}},"branchMap":{"0":{"loc":{"start":{"line":21,"column":4},"end":{"line":25,"column":5}},"type":"if","locations":[{"start":{"line":21,"column":4},"end":{"line":25,"column":5}},{"start":{"line":21,"column":4},"end":{"line":25,"column":5}}],"line":21},"1":{"loc":{"start":{"line":21,"column":7},"end":{"line":21,"column":41}},"type":"binary-expr","locations":[{"start":{"line":21,"column":7},"end":{"line":21,"column":13}},{"start":{"line":21,"column":17},"end":{"line":21,"column":27}},{"start":{"line":21,"column":31},"end":{"line":21,"column":41}}],"line":21},"2":{"loc":{"start":{"line":45,"column":4},"end":{"line":48,"column":5}},"type":"if","locations":[{"start":{"line":45,"column":4},"end":{"line":48,"column":5}},{"start":{"line":45,"column":4},"end":{"line":48,"column":5}}],"line":45},"3":{"loc":{"start":{"line":87,"column":4},"end":{"line":90,"column":5}},"type":"if","locations":[{"start":{"line":87,"column":4},"end":{"line":90,"column":5}},{"start":{"line":87,"column":4},"end":{"line":90,"column":5}}],"line":87}},"s":{"0":2,"1":2,"2":2,"3":2,"4":2,"5":2,"6":2,"7":2,"8":3,"9":3,"10":3,"11":2,"12":1,"13":2,"14":2,"15":2,"16":1,"17":2,"18":2,"19":2,"20":2,"21":0,"22":0,"23":0,"24":2,"25":1,"26":1,"27":2,"28":2,"29":2,"30":1,"31":1,"32":2,"33":3,"34":3,"35":3,"36":1,"37":1,"38":1,"39":2,"40":1,"41":2,"42":2,"43":2,"44":2,"45":1,"46":1,"47":2},"f":{"0":3,"1":2,"2":2,"3":0,"4":2,"5":3,"6":1,"7":2},"b":{"0":[2,1],"1":[3,2,2],"2":[0,2],"3":[1,2]},"_coverageSchema":"1a1c01bbd47fc00a2c39e90264f33305004495a9","hash":"ec0096ccd162ae3d822b37ee4951ecedf1eae290"}
,"/Users/terrychiem/Desktop/Rithm/Exercises/express-jobly/routes/userRoutes.js": {"path":"/Users/terrychiem/Desktop/Rithm/Exercises/express-jobly/routes/userRoutes.js","statementMap":{"0":{"start":{"line":1,"column":16},"end":{"line":1,"column":34}},"1":{"start":{"line":2,"column":13},"end":{"line":2,"column":39}},"2":{"start":{"line":3,"column":21},"end":{"line":3,"column":55}},"3":{"start":{"line":4,"column":19},"end":{"line":4,"column":40}},"4":{"start":{"line":5,"column":19},"end":{"line":5,"column":56}},"5":{"start":{"line":8,"column":15},"end":{"line":8,"column":35}},"6":{"start":{"line":15,"column":0},"end":{"line":23,"column":3}},"7":{"start":{"line":16,"column":2},"end":{"line":22,"column":3}},"8":{"start":{"line":17,"column":18},"end":{"line":17,"column":34}},"9":{"start":{"line":19,"column":4},"end":{"line":19,"column":31}},"10":{"start":{"line":21,"column":4},"end":{"line":21,"column":21}},"11":{"start":{"line":31,"column":0},"end":{"line":47,"column":2}},"12":{"start":{"line":32,"column":2},"end":{"line":46,"column":3}},"13":{"start":{"line":33,"column":19},"end":{"line":33,"column":60}},"14":{"start":{"line":35,"column":4},"end":{"line":38,"column":5}},"15":{"start":{"line":36,"column":25},"end":{"line":36,"column":64}},"16":{"start":{"line":36,"column":52},"end":{"line":36,"column":63}},"17":{"start":{"line":37,"column":6},"end":{"line":37,"column":48}},"18":{"start":{"line":40,"column":20},"end":{"line":40,"column":52}},"19":{"start":{"line":42,"column":4},"end":{"line":42,"column":37}},"20":{"start":{"line":45,"column":4},"end":{"line":45,"column":21}},"21":{"start":{"line":55,"column":0},"end":{"line":63,"column":2}},"22":{"start":{"line":56,"column":2},"end":{"line":62,"column":3}},"23":{"start":{"line":57,"column":17},"end":{"line":57,"column":52}},"24":{"start":{"line":59,"column":4},"end":{"line":59,"column":30}},"25":{"start":{"line":61,"column":4},"end":{"line":61,"column":21}},"26":{"start":{"line":73,"column":0},"end":{"line":88,"column":3}},"27":{"start":{"line":74,"column":2},"end":{"line":87,"column":3}},"28":{"start":{"line":75,"column":19},"end":{"line":75,"column":65}},"29":{"start":{"line":77,"column":4},"end":{"line":80,"column":5}},"30":{"start":{"line":78,"column":25},"end":{"line":78,"column":64}},"31":{"start":{"line":78,"column":52},"end":{"line":78,"column":63}},"32":{"start":{"line":79,"column":6},"end":{"line":79,"column":48}},"33":{"start":{"line":82,"column":16},"end":{"line":82,"column":61}},"34":{"start":{"line":84,"column":4},"end":{"line":84,"column":29}},"35":{"start":{"line":86,"column":4},"end":{"line":86,"column":21}},"36":{"start":{"line":98,"column":0},"end":{"line":106,"column":2}},"37":{"start":{"line":99,"column":2},"end":{"line":105,"column":3}},"38":{"start":{"line":100,"column":4},"end":{"line":100,"column":36}},"39":{"start":{"line":102,"column":4},"end":{"line":102,"column":48}},"40":{"start":{"line":104,"column":4},"end":{"line":104,"column":21}},"41":{"start":{"line":109,"column":0},"end":{"line":109,"column":24}}},"fnMap":{"0":{"name":"(anonymous_0)","decl":{"start":{"line":15,"column":16},"end":{"line":15,"column":17}},"loc":{"start":{"line":15,"column":46},"end":{"line":23,"column":1}},"line":15},"1":{"name":"(anonymous_1)","decl":{"start":{"line":31,"column":17},"end":{"line":31,"column":18}},"loc":{"start":{"line":31,"column":48},"end":{"line":47,"column":1}},"line":31},"2":{"name":"(anonymous_2)","decl":{"start":{"line":36,"column":43},"end":{"line":36,"column":44}},"loc":{"start":{"line":36,"column":52},"end":{"line":36,"column":63}},"line":36},"3":{"name":"(anonymous_3)","decl":{"start":{"line":55,"column":25},"end":{"line":55,"column":26}},"loc":{"start":{"line":55,"column":56},"end":{"line":63,"column":1}},"line":55},"4":{"name":"(anonymous_4)","decl":{"start":{"line":73,"column":21},"end":{"line":73,"column":22}},"loc":{"start":{"line":73,"column":53},"end":{"line":88,"column":1}},"line":73},"5":{"name":"(anonymous_5)","decl":{"start":{"line":78,"column":43},"end":{"line":78,"column":44}},"loc":{"start":{"line":78,"column":52},"end":{"line":78,"column":63}},"line":78},"6":{"name":"(anonymous_6)","decl":{"start":{"line":98,"column":22},"end":{"line":98,"column":23}},"loc":{"start":{"line":98,"column":54},"end":{"line":106,"column":1}},"line":98}},"branchMap":{"0":{"loc":{"start":{"line":35,"column":4},"end":{"line":38,"column":5}},"type":"if","locations":[{"start":{"line":35,"column":4},"end":{"line":38,"column":5}},{"start":{"line":35,"column":4},"end":{"line":38,"column":5}}],"line":35},"1":{"loc":{"start":{"line":77,"column":4},"end":{"line":80,"column":5}},"type":"if","locations":[{"start":{"line":77,"column":4},"end":{"line":80,"column":5}},{"start":{"line":77,"column":4},"end":{"line":80,"column":5}}],"line":77}},"s":{"0":2,"1":2,"2":2,"3":2,"4":2,"5":2,"6":2,"7":0,"8":0,"9":0,"10":0,"11":2,"12":0,"13":0,"14":0,"15":0,"16":0,"17":0,"18":0,"19":0,"20":0,"21":2,"22":0,"23":0,"24":0,"25":0,"26":2,"27":0,"28":0,"29":0,"30":0,"31":0,"32":0,"33":0,"34":0,"35":0,"36":2,"37":0,"38":0,"39":0,"40":0,"41":2},"f":{"0":0,"1":0,"2":0,"3":0,"4":0,"5":0,"6":0},"b":{"0":[0,0],"1":[0,0]},"_coverageSchema":"1a1c01bbd47fc00a2c39e90264f33305004495a9","hash":"bd36af1dccc63b90c3fc17235b52a3ef90c8204b"}
}
