TN:
SF:app.js
FN:23,(anonymous_0)
FN:32,(anonymous_1)
FNF:2
FNH:1
FNDA:0,(anonymous_0)
FNDA:6,(anonymous_1)
DA:3,1
DA:5,1
DA:7,1
DA:9,1
DA:11,1
DA:14,1
DA:17,1
DA:18,1
DA:23,1
DA:24,0
DA:27,0
DA:32,1
DA:33,6
DA:34,6
DA:36,6
DA:42,1
LF:16
LH:14
BRDA:33,0,0,6
BRDA:33,0,1,0
BRF:2
BRH:1
end_of_record
TN:
SF:config.js
FNF:0
FNH:0
DA:3,1
DA:5,1
DA:7,1
DA:17,1
DA:18,1
DA:20,0
DA:23,1
LF:7
LH:6
BRDA:5,0,0,1
BRDA:5,0,1,1
BRDA:7,1,0,1
BRDA:7,1,1,1
BRDA:17,2,0,1
BRDA:17,2,1,0
BRDA:20,3,0,0
BRDA:20,3,1,0
BRF:8
BRH:5
end_of_record
TN:
SF:db.js
FNF:0
FNH:0
DA:3,1
DA:4,1
DA:6,1
DA:10,1
DA:12,1
LF:5
LH:5
BRF:0
BRH:0
end_of_record
TN:
SF:helpers/expressError.js
FN:10,(anonymous_0)
FNF:1
FNH:1
FNDA:6,(anonymous_0)
DA:11,6
DA:12,6
DA:13,6
DA:14,6
DA:18,1
LF:5
LH:5
BRF:0
BRH:0
end_of_record
TN:
SF:helpers/partialUpdate.js
FN:15,sqlForPartialUpdate
FNF:1
FNH:1
FNDA:5,sqlForPartialUpdate
DA:19,5
DA:20,5
DA:23,5
DA:24,10
DA:25,1
DA:29,5
DA:30,9
DA:31,9
DA:35,5
DA:36,5
DA:38,5
DA:39,5
DA:41,5
DA:44,2
LF:14
LH:14
BRDA:24,0,0,1
BRDA:24,0,1,9
BRF:2
BRH:2
end_of_record
TN:
SF:models/companies.js
FN:12,(anonymous_0)
FN:29,(anonymous_1)
FN:55,(anonymous_2)
FN:90,(anonymous_3)
FN:110,(anonymous_4)
FN:139,(anonymous_5)
FNF:6
FNH:6
FNDA:1,(anonymous_0)
FNDA:2,(anonymous_1)
FNDA:14,(anonymous_2)
FNDA:2,(anonymous_3)
FNDA:2,(anonymous_4)
FNDA:1,(anonymous_5)
DA:1,1
DA:2,1
DA:3,1
DA:13,1
DA:21,1
DA:30,2
DA:40,2
DA:41,1
DA:44,1
DA:58,14
DA:59,14
DA:60,1
DA:68,13
DA:79,13
DA:91,2
DA:93,2
DA:95,2
DA:96,1
DA:99,1
DA:111,2
DA:122,2
DA:123,1
DA:126,1
DA:140,1
DA:151,1
DA:156,1
LF:26
LH:26
BRDA:40,0,0,1
BRDA:40,0,1,1
BRDA:59,1,0,1
BRDA:59,1,1,13
BRDA:95,2,0,1
BRDA:95,2,1,1
BRDA:122,3,0,1
BRDA:122,3,1,1
BRDA:139,4,0,0
BRDA:139,5,0,0
BRDA:139,6,0,1
BRF:11
BRH:9
end_of_record
TN:
SF:routes/companiesRoutes.js
FN:17,(anonymous_0)
FN:32,(anonymous_1)
FN:46,(anonymous_2)
FN:51,(anonymous_3)
FN:71,(anonymous_4)
FN:89,(anonymous_5)
FN:94,(anonymous_6)
FN:114,(anonymous_7)
FNF:8
FNH:7
FNDA:3,(anonymous_0)
FNDA:2,(anonymous_1)
FNDA:2,(anonymous_2)
FNDA:0,(anonymous_3)
FNDA:2,(anonymous_4)
FNDA:3,(anonymous_5)
FNDA:1,(anonymous_6)
FNDA:2,(anonymous_7)
DA:1,1
DA:2,1
DA:3,1
DA:4,1
DA:5,1
DA:6,1
DA:9,1
DA:17,1
DA:18,3
DA:20,3
DA:22,3
DA:23,2
DA:24,1
DA:27,1
DA:29,1
DA:32,2
DA:34,2
DA:36,1
DA:46,1
DA:47,2
DA:48,2
DA:50,2
DA:51,0
DA:52,0
DA:53,0
DA:56,2
DA:58,1
DA:61,1
DA:71,1
DA:72,2
DA:73,2
DA:75,1
DA:77,1
DA:89,1
DA:90,3
DA:91,3
DA:93,3
DA:94,1
DA:95,1
DA:98,2
DA:100,1
DA:102,2
DA:114,1
DA:115,2
DA:116,2
DA:118,1
DA:120,1
DA:125,1
LF:48
LH:45
BRDA:22,0,0,2
BRDA:22,0,1,1
BRDA:22,1,0,3
BRDA:22,1,1,2
BRDA:22,1,2,1
BRDA:23,2,0,1
BRDA:23,2,1,1
BRDA:50,3,0,0
BRDA:50,3,1,2
BRDA:93,4,0,1
BRDA:93,4,1,2
BRF:11
BRH:10
end_of_record
