TN:
SF:app.js
FN:26,(anonymous_0)
FN:35,(anonymous_1)
FNF:2
FNH:1
FNDA:0,(anonymous_0)
FNDA:12,(anonymous_1)
DA:3,2
DA:5,2
DA:7,2
DA:9,2
DA:11,2
DA:14,2
DA:17,2
DA:18,2
DA:19,2
DA:20,2
DA:21,2
DA:22,2
DA:26,2
DA:27,0
DA:30,0
DA:35,2
DA:36,12
DA:37,12
DA:39,12
DA:45,2
LF:20
LH:18
BRDA:36,0,0,12
BRDA:36,0,1,0
BRF:2
BRH:1
end_of_record
TN:
SF:config.js
FNF:0
FNH:0
DA:3,2
DA:5,2
DA:7,2
DA:17,2
DA:18,2
DA:20,0
DA:23,2
DA:25,2
DA:36,2
LF:9
LH:8
BRDA:5,0,0,2
BRDA:5,0,1,2
BRDA:7,1,0,2
BRDA:7,1,1,2
BRDA:17,2,0,2
BRDA:17,2,1,0
BRDA:20,3,0,0
BRDA:20,3,1,0
BRF:8
BRH:5
end_of_record
TN:
SF:db.js
FNF:0
FNH:0
DA:3,2
DA:4,2
DA:6,2
DA:10,2
DA:12,2
LF:5
LH:5
BRF:0
BRH:0
end_of_record
TN:
SF:helpers/expressError.js
FN:10,(anonymous_0)
FNF:1
FNH:1
FNDA:12,(anonymous_0)
DA:11,12
DA:12,12
DA:13,12
DA:14,12
DA:18,2
LF:5
LH:5
BRF:0
BRH:0
end_of_record
TN:
SF:helpers/partialUpdate.js
FN:15,sqlForPartialUpdate
FNF:1
FNH:1
FNDA:7,sqlForPartialUpdate
DA:19,7
DA:20,7
DA:23,7
DA:24,14
DA:25,1
DA:29,7
DA:30,13
DA:31,13
DA:35,7
DA:36,7
DA:38,7
DA:39,7
DA:41,7
DA:44,3
LF:14
LH:14
BRDA:24,0,0,1
BRDA:24,0,1,13
BRF:2
BRH:2
end_of_record
TN:
SF:models/companies.js
FN:14,(anonymous_0)
FN:32,(anonymous_1)
FN:72,(anonymous_2)
FN:107,(anonymous_3)
FN:127,(anonymous_4)
FN:156,(anonymous_5)
FNF:6
FNH:6
FNDA:1,(anonymous_0)
FNDA:2,(anonymous_1)
FNDA:26,(anonymous_2)
FNDA:2,(anonymous_3)
FNDA:2,(anonymous_4)
FNDA:2,(anonymous_5)
DA:1,2
DA:2,2
DA:3,2
DA:5,2
DA:15,1
DA:24,1
DA:33,2
DA:43,2
DA:44,1
DA:47,1
DA:49,1
DA:59,1
DA:61,1
DA:75,26
DA:76,26
DA:77,1
DA:85,25
DA:96,25
DA:108,2
DA:110,2
DA:112,2
DA:113,1
DA:116,1
DA:128,2
DA:139,2
DA:140,1
DA:143,1
DA:157,2
DA:158,1
DA:161,1
DA:162,1
DA:163,1
DA:165,1
DA:166,1
DA:167,1
DA:168,1
DA:171,1
DA:172,1
DA:173,1
DA:174,1
DA:177,1
DA:178,0
DA:179,0
DA:180,0
DA:183,1
DA:192,1
DA:194,1
DA:199,2
LF:48
LH:45
BRDA:43,0,0,1
BRDA:43,0,1,1
BRDA:76,1,0,1
BRDA:76,1,1,25
BRDA:112,2,0,1
BRDA:112,2,1,1
BRDA:139,3,0,1
BRDA:139,3,1,1
BRDA:157,4,0,1
BRDA:157,4,1,1
BRDA:165,5,0,1
BRDA:165,5,1,0
BRDA:171,6,0,1
BRDA:171,6,1,0
BRDA:177,7,0,0
BRDA:177,7,1,1
BRF:16
BRH:13
end_of_record
TN:
SF:models/jobs.js
FN:14,(anonymous_0)
FN:29,(anonymous_1)
FN:75,(anonymous_2)
FN:102,(anonymous_3)
FN:120,(anonymous_4)
FN:144,(anonymous_5)
FNF:6
FNH:6
FNDA:1,(anonymous_0)
FNDA:2,(anonymous_1)
FNDA:14,(anonymous_2)
FNDA:2,(anonymous_3)
FNDA:2,(anonymous_4)
FNDA:2,(anonymous_5)
DA:1,2
DA:2,2
DA:3,2
DA:5,2
DA:15,1
DA:21,1
DA:30,2
DA:46,2
DA:47,1
DA:50,1
DA:52,1
DA:64,1
DA:76,14
DA:78,14
DA:88,13
DA:90,1
DA:103,2
DA:104,2
DA:105,2
DA:107,1
DA:109,1
DA:121,2
DA:122,2
DA:128,1
DA:130,1
DA:145,2
DA:146,1
DA:149,1
DA:150,1
DA:151,1
DA:153,1
DA:154,1
DA:155,1
DA:156,1
DA:159,1
DA:160,1
DA:161,1
DA:162,1
DA:165,1
DA:166,0
DA:167,0
DA:168,0
DA:171,1
DA:177,1
DA:179,1
DA:184,2
LF:46
LH:43
BRDA:46,0,0,1
BRDA:46,0,1,1
BRDA:145,1,0,1
BRDA:145,1,1,1
BRDA:153,2,0,1
BRDA:153,2,1,0
BRDA:159,3,0,1
BRDA:159,3,1,0
BRDA:165,4,0,0
BRDA:165,4,1,1
BRF:10
BRH:7
end_of_record
TN:
SF:models/users.js
FN:14,(anonymous_0)
FN:31,(anonymous_1)
FN:56,(anonymous_2)
FN:88,(anonymous_3)
FN:106,(anonymous_4)
FNF:5
FNH:0
FNDA:0,(anonymous_0)
FNDA:0,(anonymous_1)
FNDA:0,(anonymous_2)
FNDA:0,(anonymous_3)
FNDA:0,(anonymous_4)
DA:1,2
DA:2,2
DA:3,2
DA:4,2
DA:5,2
DA:15,0
DA:23,0
DA:32,0
DA:41,0
DA:42,0
DA:45,0
DA:57,0
DA:59,0
DA:62,0
DA:74,0
DA:76,0
DA:89,0
DA:90,0
DA:91,0
DA:93,0
DA:95,0
DA:107,0
DA:108,0
DA:114,0
DA:116,0
DA:122,2
LF:26
LH:6
BRDA:41,0,0,0
BRDA:41,0,1,0
BRF:2
BRH:0
end_of_record
TN:
SF:routes/companiesRoutes.js
FN:16,(anonymous_0)
FN:27,(anonymous_1)
FN:41,(anonymous_2)
FN:46,(anonymous_3)
FN:66,(anonymous_4)
FN:84,(anonymous_5)
FN:89,(anonymous_6)
FN:109,(anonymous_7)
FNF:8
FNH:7
FNDA:3,(anonymous_0)
FNDA:2,(anonymous_1)
FNDA:2,(anonymous_2)
FNDA:0,(anonymous_3)
FNDA:2,(anonymous_4)
FNDA:3,(anonymous_5)
FNDA:1,(anonymous_6)
FNDA:2,(anonymous_7)
DA:1,2
DA:2,2
DA:3,2
DA:4,2
DA:5,2
DA:6,2
DA:8,2
DA:16,2
DA:17,3
DA:19,3
DA:21,3
DA:22,2
DA:24,1
DA:27,2
DA:29,2
DA:31,1
DA:41,2
DA:42,2
DA:43,2
DA:45,2
DA:46,0
DA:47,0
DA:48,0
DA:51,2
DA:53,1
DA:56,1
DA:66,2
DA:67,2
DA:68,2
DA:70,1
DA:72,1
DA:84,2
DA:85,3
DA:86,3
DA:88,3
DA:89,1
DA:90,1
DA:93,2
DA:95,1
DA:97,2
DA:109,2
DA:110,2
DA:111,2
DA:113,1
DA:115,1
DA:120,2
LF:46
LH:43
BRDA:21,0,0,2
BRDA:21,0,1,1
BRDA:21,1,0,3
BRDA:21,1,1,2
BRDA:21,1,2,1
BRDA:45,2,0,0
BRDA:45,2,1,2
BRDA:88,3,0,1
BRDA:88,3,1,2
BRF:9
BRH:8
end_of_record
TN:
SF:routes/jobsRoutes.js
FN:16,(anonymous_0)
FN:27,(anonymous_1)
FN:41,(anonymous_2)
FN:46,(anonymous_3)
FN:65,(anonymous_4)
FN:83,(anonymous_5)
FN:88,(anonymous_6)
FN:108,(anonymous_7)
FNF:8
FNH:7
FNDA:3,(anonymous_0)
FNDA:2,(anonymous_1)
FNDA:2,(anonymous_2)
FNDA:0,(anonymous_3)
FNDA:2,(anonymous_4)
FNDA:3,(anonymous_5)
FNDA:1,(anonymous_6)
FNDA:2,(anonymous_7)
DA:1,2
DA:2,2
DA:3,2
DA:4,2
DA:5,2
DA:6,2
DA:8,2
DA:16,2
DA:17,3
DA:19,3
DA:21,3
DA:22,2
DA:24,1
DA:27,2
DA:29,2
DA:31,1
DA:41,2
DA:42,2
DA:43,2
DA:45,2
DA:46,0
DA:47,0
DA:50,2
DA:52,1
DA:55,1
DA:65,2
DA:66,2
DA:67,2
DA:69,1
DA:71,1
DA:83,2
DA:84,3
DA:85,3
DA:87,3
DA:88,1
DA:89,1
DA:92,2
DA:94,1
DA:96,2
DA:108,2
DA:109,2
DA:110,2
DA:112,1
DA:114,1
DA:119,2
LF:45
LH:43
BRDA:21,0,0,2
BRDA:21,0,1,1
BRDA:21,1,0,3
BRDA:21,1,1,2
BRDA:21,1,2,2
BRDA:45,2,0,0
BRDA:45,2,1,2
BRDA:87,3,0,1
BRDA:87,3,1,2
BRF:9
BRH:8
end_of_record
TN:
SF:routes/userRoutes.js
FN:15,(anonymous_0)
FN:31,(anonymous_1)
FN:36,(anonymous_2)
FN:55,(anonymous_3)
FN:73,(anonymous_4)
FN:78,(anonymous_5)
FN:98,(anonymous_6)
FNF:7
FNH:0
FNDA:0,(anonymous_0)
FNDA:0,(anonymous_1)
FNDA:0,(anonymous_2)
FNDA:0,(anonymous_3)
FNDA:0,(anonymous_4)
FNDA:0,(anonymous_5)
FNDA:0,(anonymous_6)
DA:1,2
DA:2,2
DA:3,2
DA:4,2
DA:5,2
DA:8,2
DA:15,2
DA:16,0
DA:17,0
DA:19,0
DA:21,0
DA:31,2
DA:32,0
DA:33,0
DA:35,0
DA:36,0
DA:37,0
DA:40,0
DA:42,0
DA:45,0
DA:55,2
DA:56,0
DA:57,0
DA:59,0
DA:61,0
DA:73,2
DA:74,0
DA:75,0
DA:77,0
DA:78,0
DA:79,0
DA:82,0
DA:84,0
DA:86,0
DA:98,2
DA:99,0
DA:100,0
DA:102,0
DA:104,0
DA:109,2
LF:40
LH:12
BRDA:35,0,0,0
BRDA:35,0,1,0
BRDA:77,1,0,0
BRDA:77,1,1,0
BRF:4
BRH:0
end_of_record
